[0.000000] (-) TimerEvent: {}
[0.000102] (demo_cpp_pkg) JobQueued: {'identifier': 'demo_cpp_pkg', 'dependencies': OrderedDict()}
[0.000118] (demo_python_pkg) JobQueued: {'identifier': 'demo_python_pkg', 'dependencies': OrderedDict([('demo_cpp_pkg', '/home/lucky/Code/ros2/chapt2/install/demo_cpp_pkg')])}
[0.000135] (demo_cpp_pkg) JobStarted: {'identifier': 'demo_cpp_pkg'}
[0.006108] (demo_cpp_pkg) JobProgress: {'identifier': 'demo_cpp_pkg', 'progress': 'cmake'}
[0.007047] (demo_cpp_pkg) JobProgress: {'identifier': 'demo_cpp_pkg', 'progress': 'build'}
[0.007086] (demo_cpp_pkg) Command: {'cmd': ['/usr/bin/cmake', '--build', '/home/lucky/Code/ros2/chapt2/build/demo_cpp_pkg', '--', '-j20', '-l20'], 'cwd': '/home/lucky/Code/ros2/chapt2/build/demo_cpp_pkg', 'env': OrderedDict([('LESSOPEN', '| /usr/bin/lesspipe %s'), ('TMUX', '/tmp/tmux-1000/default,472,0'), ('USER', 'lucky'), ('SHLVL', '2'), ('LD_LIBRARY_PATH', '/opt/ros/humble/opt/rviz_ogre_vendor/lib:/opt/ros/humble/lib/x86_64-linux-gnu:/opt/ros/humble/lib'), ('WT_PROFILE_ID', '{4ff56d04-d9cf-57ea-bae2-ad396374e7e3}'), ('MOTD_SHOWN', 'update-motd'), ('HOME', '/home/lucky'), ('OLDPWD', '/home/lucky/Code/ros2/chapt2/src'), ('TERM_PROGRAM_VERSION', 'next-3.7'), ('ROS_PYTHON_VERSION', '3'), ('DBUS_SESSION_BUS_ADDRESS', 'unix:path=/run/user/1000/bus'), ('COLORTERM', 'truecolor'), ('WSL_DISTRO_NAME', 'Ubuntu-22.04'), ('WAYLAND_DISPLAY', 'wayland-0'), ('COLCON_PREFIX_PATH', '/home/lucky/Code/ros2/chapt2/install'), ('ROS_DISTRO', 'humble'), ('LOGNAME', 'lucky'), ('NAME', 'LuckyDog'), ('WSL_INTEROP', '/run/WSL/330_interop'), ('PULSE_SERVER', 'unix:/mnt/wslg/PulseServer'), ('_', '/usr/bin/colcon'), ('ROS_VERSION', '2'), ('TERM', 'tmux-256color'), ('ROS_LOCALHOST_ONLY', '0'), ('PATH', '/opt/ros/humble/bin:/usr/local/sbin:/usr/local/bin:/usr/sbin:/usr/bin:/sbin:/bin:/usr/games:/usr/local/games:/usr/lib/wsl/lib:/mnt/c/Program Files/NVIDIA GPU Computing Toolkit/CUDA/v13.0/bin/x64:/mnt/c/Program Files/NVIDIA GPU Computing Toolkit/CUDA/v13.0/bin:/mnt/c/Program Files (x86)/NVIDIA Corporation/PhysX/Common:/mnt/c/Windows/system32:/mnt/c/Windows:/mnt/c/Windows/System32/Wbem:/mnt/c/Windows/System32/WindowsPowerShell/v1.0/:/mnt/c/Windows/System32/OpenSSH/:/mnt/c/Program Files/Git/cmd:/mnt/c/Program Files/dotnet/:/mnt/c/Program Files/MATLAB/R2025b/bin:/mnt/c/Program Files (x86)/Windows Kits/8.1/Windows Performance Toolkit/:/mnt/c/Program Files/Microsoft VS Code/bin:/mnt/c/Program Files/Sublime Text/sublime_text.exe:/mnt/c/ProgramData/miniconda3/Scripts:/mnt/c/Program Files/NVIDIA Corporation/Nsight Compute 2025.3.1/:/mnt/c/Program Files/nodejs/:/mnt/c/ProgramData/chocolatey/bin:/mnt/c/Program Files/CMake/bin:/mnt/c/Program Files (x86)/STMicroelectronics/STM32 ST-LINK Utility/ST-LINK Utility:/mnt/c/Users/Lucky/AppData/Local/Microsoft/WindowsApps:/mnt/c/Users/Lucky/AppData/Roaming/npm:/snap/bin'), ('WT_SESSION', '48eb9286-c298-4f1d-a664-1a203673e5dc'), ('XDG_RUNTIME_DIR', '/run/user/1000/'), ('DISPLAY', ':0'), ('LANG', 'C.UTF-8'), ('LS_COLORS', 'rs=0:di=01;34:ln=01;36:mh=00:pi=40;33:so=01;35:do=01;35:bd=40;33;01:cd=40;33;01:or=40;31;01:mi=00:su=37;41:sg=30;43:ca=30;41:tw=30;42:ow=34;42:st=37;44:ex=01;32:*.tar=01;31:*.tgz=01;31:*.arc=01;31:*.arj=01;31:*.taz=01;31:*.lha=01;31:*.lz4=01;31:*.lzh=01;31:*.lzma=01;31:*.tlz=01;31:*.txz=01;31:*.tzo=01;31:*.t7z=01;31:*.zip=01;31:*.z=01;31:*.dz=01;31:*.gz=01;31:*.lrz=01;31:*.lz=01;31:*.lzo=01;31:*.xz=01;31:*.zst=01;31:*.tzst=01;31:*.bz2=01;31:*.bz=01;31:*.tbz=01;31:*.tbz2=01;31:*.tz=01;31:*.deb=01;31:*.rpm=01;31:*.jar=01;31:*.war=01;31:*.ear=01;31:*.sar=01;31:*.rar=01;31:*.alz=01;31:*.ace=01;31:*.zoo=01;31:*.cpio=01;31:*.7z=01;31:*.rz=01;31:*.cab=01;31:*.wim=01;31:*.swm=01;31:*.dwm=01;31:*.esd=01;31:*.jpg=01;35:*.jpeg=01;35:*.mjpg=01;35:*.mjpeg=01;35:*.gif=01;35:*.bmp=01;35:*.pbm=01;35:*.pgm=01;35:*.ppm=01;35:*.tga=01;35:*.xbm=01;35:*.xpm=01;35:*.tif=01;35:*.tiff=01;35:*.png=01;35:*.svg=01;35:*.svgz=01;35:*.mng=01;35:*.pcx=01;35:*.mov=01;35:*.mpg=01;35:*.mpeg=01;35:*.m2v=01;35:*.mkv=01;35:*.webm=01;35:*.webp=01;35:*.ogm=01;35:*.mp4=01;35:*.m4v=01;35:*.mp4v=01;35:*.vob=01;35:*.qt=01;35:*.nuv=01;35:*.wmv=01;35:*.asf=01;35:*.rm=01;35:*.rmvb=01;35:*.flc=01;35:*.avi=01;35:*.fli=01;35:*.flv=01;35:*.gl=01;35:*.dl=01;35:*.xcf=01;35:*.xwd=01;35:*.yuv=01;35:*.cgm=01;35:*.emf=01;35:*.ogv=01;35:*.ogx=01;35:*.aac=00;36:*.au=00;36:*.flac=00;36:*.m4a=00;36:*.mid=00;36:*.midi=00;36:*.mka=00;36:*.mp3=00;36:*.mpc=00;36:*.ogg=00;36:*.ra=00;36:*.wav=00;36:*.oga=00;36:*.opus=00;36:*.spx=00;36:*.xspf=00;36:'), ('TERM_PROGRAM', 'tmux'), ('AMENT_PREFIX_PATH', '/home/lucky/Code/ros2/chapt2/install/demo_python_pkg:/home/lucky/Code/ros2/chapt2/install/demo_cpp_pkg:/opt/ros/humble'), ('SHELL', '/bin/bash'), ('LESSCLOSE', '/usr/bin/lesspipe %s %s'), ('PWD', '/home/lucky/Code/ros2/chapt2/build/demo_cpp_pkg'), ('XDG_DATA_DIRS', '/usr/local/share:/usr/share:/var/lib/snapd/desktop'), ('PYTHONPATH', '/home/lucky/Code/ros2/chapt2/install/demo_python_pkg/lib/python3.10/site-packages:/opt/ros/humble/lib/python3.10/site-packages:/opt/ros/humble/local/lib/python3.10/dist-packages'), ('COLCON', '1'), ('WSL2_GUI_APPS_ENABLED', '1'), ('TMUX_PANE', '%0'), ('HOSTTYPE', 'x86_64'), ('CMAKE_PREFIX_PATH', '/home/lucky/Code/ros2/chapt2/install/demo_cpp_pkg:/home/lucky/Code/ros2/chapt2/install/demo_python_pkg:/opt/ros/humble'), ('WSLENV', 'WT_SESSION:WT_PROFILE_ID:')]), 'shell': False}
[0.035525] (demo_cpp_pkg) StdoutLine: {'line': b'\x1b[35m\x1b[1mConsolidate compiler generated dependencies of target learn_thread\x1b[0m\n'}
[0.043131] (demo_cpp_pkg) StdoutLine: {'line': b'[ 66%] Built target person_node\n'}
[0.043257] (demo_cpp_pkg) StdoutLine: {'line': b'[ 66%] Built target cpp_node\n'}
[0.043293] (demo_cpp_pkg) StdoutLine: {'line': b'[ 83%] \x1b[32mBuilding CXX object CMakeFiles/learn_thread.dir/src/learn_thread.cpp.o\x1b[0m\n'}
[0.099348] (-) TimerEvent: {}
[0.199661] (-) TimerEvent: {}
[0.300055] (-) TimerEvent: {}
[0.400381] (-) TimerEvent: {}
[0.500725] (-) TimerEvent: {}
[0.601030] (-) TimerEvent: {}
[0.695985] (demo_cpp_pkg) StderrLine: {'line': b'\x1b[01m\x1b[K/home/lucky/Code/ros2/chapt2/src/demo_cpp_pkg/src/learn_thread.cpp:10:78:\x1b[m\x1b[K \x1b[01;31m\x1b[Kerror: \x1b[m\x1b[K\xe2\x80\x98\x1b[01m\x1b[Kfuncion\x1b[m\x1b[K\xe2\x80\x99 in namespace \xe2\x80\x98\x1b[01m\x1b[Kstd\x1b[m\x1b[K\xe2\x80\x99 does not name a template type; did you mean \xe2\x80\x98\x1b[01m\x1b[Kfunction\x1b[m\x1b[K\xe2\x80\x99?\n'}
[0.696137] (demo_cpp_pkg) StderrLine: {'line': b'   10 |   void download(const std::string &host, const std::string &path, const std::\x1b[01;31m\x1b[Kfuncion\x1b[m\x1b[K<void(const std::string &, const std::string &)> &callback)\n'}
[0.696169] (demo_cpp_pkg) StderrLine: {'line': b'      |                                                                              \x1b[01;31m\x1b[K^~~~~~~\x1b[m\x1b[K\n'}
[0.696192] (demo_cpp_pkg) StderrLine: {'line': b'      |                                                                              \x1b[32m\x1b[Kfunction\x1b[m\x1b[K\n'}
[0.696213] (demo_cpp_pkg) StderrLine: {'line': b'\x1b[01m\x1b[K/home/lucky/Code/ros2/chapt2/src/demo_cpp_pkg/src/learn_thread.cpp:10:85:\x1b[m\x1b[K \x1b[01;31m\x1b[Kerror: \x1b[m\x1b[Kexpected \xe2\x80\x98\x1b[01m\x1b[K,\x1b[m\x1b[K\xe2\x80\x99 or \xe2\x80\x98\x1b[01m\x1b[K...\x1b[m\x1b[K\xe2\x80\x99 before \xe2\x80\x98\x1b[01m\x1b[K<\x1b[m\x1b[K\xe2\x80\x99 token\n'}
[0.696236] (demo_cpp_pkg) StderrLine: {'line': b'   10 |   void download(const std::string &host, const std::string &path, const std::funcion\x1b[01;31m\x1b[K<\x1b[m\x1b[Kvoid(const std::string &, const std::string &)> &callback)\n'}
[0.696256] (demo_cpp_pkg) StderrLine: {'line': b'      |                                                                                     \x1b[01;31m\x1b[K^\x1b[m\x1b[K\n'}
[0.699925] (demo_cpp_pkg) StderrLine: {'line': b'\x1b[01m\x1b[K/home/lucky/Code/ros2/chapt2/src/demo_cpp_pkg/src/learn_thread.cpp:\x1b[m\x1b[K In member function \xe2\x80\x98\x1b[01m\x1b[Kvoid Download::download(const string&, const string&, int)\x1b[m\x1b[K\xe2\x80\x99:\n'}
[0.699985] (demo_cpp_pkg) StderrLine: {'line': b'\x1b[01m\x1b[K/home/lucky/Code/ros2/chapt2/src/demo_cpp_pkg/src/learn_thread.cpp:17:7:\x1b[m\x1b[K \x1b[01;31m\x1b[Kerror: \x1b[m\x1b[K\xe2\x80\x98\x1b[01m\x1b[Kcallback\x1b[m\x1b[K\xe2\x80\x99 was not declared in this scope; did you mean \xe2\x80\x98\x1b[01m\x1b[Kcalloc\x1b[m\x1b[K\xe2\x80\x99?\n'}
[0.700013] (demo_cpp_pkg) StderrLine: {'line': b'   17 |       \x1b[01;31m\x1b[Kcallback\x1b[m\x1b[K(path, response->body);\n'}
[0.700034] (demo_cpp_pkg) StderrLine: {'line': b'      |       \x1b[01;31m\x1b[K^~~~~~~~\x1b[m\x1b[K\n'}
[0.700056] (demo_cpp_pkg) StderrLine: {'line': b'      |       \x1b[32m\x1b[Kcalloc\x1b[m\x1b[K\n'}
[0.700076] (demo_cpp_pkg) StderrLine: {'line': b'\x1b[01m\x1b[K/home/lucky/Code/ros2/chapt2/src/demo_cpp_pkg/src/learn_thread.cpp:\x1b[m\x1b[K In member function \xe2\x80\x98\x1b[01m\x1b[Kvoid Download::start_download(const string&, const string&, const std::function<void(const std::__cxx11::basic_string<char>&, const std::__cxx11::basic_string<char>&)>&)\x1b[m\x1b[K\xe2\x80\x99:\n'}
[0.700099] (demo_cpp_pkg) StderrLine: {'line': b'\x1b[01m\x1b[K/home/lucky/Code/ros2/chapt2/src/demo_cpp_pkg/src/learn_thread.cpp:23:90:\x1b[m\x1b[K \x1b[01;31m\x1b[Kerror: \x1b[m\x1b[K\xe2\x80\x98\x1b[01m\x1b[Kstd::placeholder\x1b[m\x1b[K\xe2\x80\x99 has not been declared\n'}
[0.700119] (demo_cpp_pkg) StderrLine: {'line': b'   23 |     auto download_fun = std::bind(&Download::download, this, std::placeholders::_1, std::\x1b[01;31m\x1b[Kplaceholder\x1b[m\x1b[K::_2, std::placeholder::_3);\n'}
[0.700141] (demo_cpp_pkg) StderrLine: {'line': b'      |                                                                                          \x1b[01;31m\x1b[K^~~~~~~~~~~\x1b[m\x1b[K\n'}
[0.700161] (demo_cpp_pkg) StderrLine: {'line': b'\x1b[01m\x1b[K/home/lucky/Code/ros2/chapt2/src/demo_cpp_pkg/src/learn_thread.cpp:23:112:\x1b[m\x1b[K \x1b[01;31m\x1b[Kerror: \x1b[m\x1b[K\xe2\x80\x98\x1b[01m\x1b[Kstd::placeholder\x1b[m\x1b[K\xe2\x80\x99 has not been declared\n'}
[0.700184] (demo_cpp_pkg) StderrLine: {'line': b'   23 |     auto download_fun = std::bind(&Download::download, this, std::placeholders::_1, std::placeholder::_2, std::\x1b[01;31m\x1b[Kplaceholder\x1b[m\x1b[K::_3);\n'}
[0.700204] (demo_cpp_pkg) StderrLine: {'line': b'      |                                                                                                                \x1b[01;31m\x1b[K^~~~~~~~~~~\x1b[m\x1b[K\n'}
[0.701121] (-) TimerEvent: {}
[0.801370] (-) TimerEvent: {}
[0.901748] (-) TimerEvent: {}
[1.002111] (-) TimerEvent: {}
[1.102439] (-) TimerEvent: {}
[1.202743] (-) TimerEvent: {}
[1.303037] (-) TimerEvent: {}
[1.403302] (-) TimerEvent: {}
[1.427624] (demo_cpp_pkg) StderrLine: {'line': b'gmake[2]: *** [CMakeFiles/learn_thread.dir/build.make:76: CMakeFiles/learn_thread.dir/src/learn_thread.cpp.o] Error 1\n'}
[1.427758] (demo_cpp_pkg) StderrLine: {'line': b'gmake[1]: *** [CMakeFiles/Makefile2:193: CMakeFiles/learn_thread.dir/all] Error 2\n'}
[1.427876] (demo_cpp_pkg) StderrLine: {'line': b'gmake: *** [Makefile:146: all] Error 2\n'}
[1.429276] (demo_cpp_pkg) CommandEnded: {'returncode': 2}
[1.434932] (demo_cpp_pkg) JobEnded: {'identifier': 'demo_cpp_pkg', 'rc': 2}
[1.445556] (demo_python_pkg) JobSkipped: {'identifier': 'demo_python_pkg'}
[1.445597] (-) EventReactorShutdown: {}
