[01m[K/home/lucky/Code/ros2/chapt2/src/demo_cpp_pkg/src/learn_thread.cpp:10:78:[m[K [01;31m[Kerror: [m[Kâ€˜[01m[Kfuncion[m[Kâ€™ in namespace â€˜[01m[Kstd[m[Kâ€™ does not name a template type; did you mean â€˜[01m[Kfunction[m[Kâ€™?
   10 |   void download(const std::string &host, const std::string &path, const std::[01;31m[Kfuncion[m[K<void(const std::string &, const std::string &)> &callback)
      |                                                                              [01;31m[K^~~~~~~[m[K
      |                                                                              [32m[Kfunction[m[K
[01m[K/home/lucky/Code/ros2/chapt2/src/demo_cpp_pkg/src/learn_thread.cpp:10:85:[m[K [01;31m[Kerror: [m[Kexpected â€˜[01m[K,[m[Kâ€™ or â€˜[01m[K...[m[Kâ€™ before â€˜[01m[K<[m[Kâ€™ token
   10 |   void download(const std::string &host, const std::string &path, const std::funcion[01;31m[K<[m[Kvoid(const std::string &, const std::string &)> &callback)
      |                                                                                     [01;31m[K^[m[K
[01m[K/home/lucky/Code/ros2/chapt2/src/demo_cpp_pkg/src/learn_thread.cpp:[m[K In member function â€˜[01m[Kvoid Download::download(const string&, const string&, int)[m[Kâ€™:
[01m[K/home/lucky/Code/ros2/chapt2/src/demo_cpp_pkg/src/learn_thread.cpp:17:7:[m[K [01;31m[Kerror: [m[Kâ€˜[01m[Kcallback[m[Kâ€™ was not declared in this scope; did you mean â€˜[01m[Kcalloc[m[Kâ€™?
   17 |       [01;31m[Kcallback[m[K(path, response->body);
      |       [01;31m[K^~~~~~~~[m[K
      |       [32m[Kcalloc[m[K
[01m[K/home/lucky/Code/ros2/chapt2/src/demo_cpp_pkg/src/learn_thread.cpp:[m[K In member function â€˜[01m[Kvoid Download::start_download(const string&, const string&, const std::function<void(const std::__cxx11::basic_string<char>&, const std::__cxx11::basic_string<char>&)>&)[m[Kâ€™:
[01m[K/home/lucky/Code/ros2/chapt2/src/demo_cpp_pkg/src/learn_thread.cpp:23:90:[m[K [01;31m[Kerror: [m[Kâ€˜[01m[Kstd::placeholder[m[Kâ€™ has not been declared
   23 |     auto download_fun = std::bind(&Download::download, this, std::placeholders::_1, std::[01;31m[Kplaceholder[m[K::_2, std::placeholder::_3);
      |                                                                                          [01;31m[K^~~~~~~~~~~[m[K
[01m[K/home/lucky/Code/ros2/chapt2/src/demo_cpp_pkg/src/learn_thread.cpp:23:112:[m[K [01;31m[Kerror: [m[Kâ€˜[01m[Kstd::placeholder[m[Kâ€™ has not been declared
   23 |     auto download_fun = std::bind(&Download::download, this, std::placeholders::_1, std::placeholder::_2, std::[01;31m[Kplaceholder[m[K::_3);
      |                                                                                                                [01;31m[K^~~~~~~~~~~[m[K
[01m[K/home/lucky/Code/ros2/chapt2/src/demo_cpp_pkg/src/learn_thread.cpp:[m[K At global scope:
[01m[K/home/lucky/Code/ros2/chapt2/src/demo_cpp_pkg/src/learn_thread.cpp:30:3:[m[K [01;31m[Kerror: [m[Kexpected initializer before â€˜[01m[KDownload[m[Kâ€™
   30 |   [01;31m[KDownload[m[K download;
      |   [01;31m[K^~~~~~~~[m[K
[01m[K/home/lucky/Code/ros2/chapt2/src/demo_cpp_pkg/src/learn_thread.cpp:36:3:[m[K [01;31m[Kerror: [m[Kâ€˜[01m[Kdownload[m[Kâ€™ does not name a type; did you mean â€˜[01m[KDownload[m[Kâ€™?
   36 |   [01;31m[Kdownload[m[K.start_download("http://localhost::8000", "/novel1.txt", download_finish_callback);
      |   [01;31m[K^~~~~~~~[m[K
      |   [32m[KDownload[m[K
[01m[K/home/lucky/Code/ros2/chapt2/src/demo_cpp_pkg/src/learn_thread.cpp:37:3:[m[K [01;31m[Kerror: [m[Kâ€˜[01m[Kdownload[m[Kâ€™ does not name a type; did you mean â€˜[01m[KDownload[m[Kâ€™?
   37 |   [01;31m[Kdownload[m[K.start_download("http://localhost::8000", "/novel2.txt", download_finish_callback);
      |   [01;31m[K^~~~~~~~[m[K
      |   [32m[KDownload[m[K
[01m[K/home/lucky/Code/ros2/chapt2/src/demo_cpp_pkg/src/learn_thread.cpp:38:3:[m[K [01;31m[Kerror: [m[Kâ€˜[01m[Kdownload[m[Kâ€™ does not name a type; did you mean â€˜[01m[KDownload[m[Kâ€™?
   38 |   [01;31m[Kdownload[m[K.start_download("http://localhost::8000", "/novel3.txt", download_finish_callback);
      |   [01;31m[K^~~~~~~~[m[K
      |   [32m[KDownload[m[K
[01m[K/home/lucky/Code/ros2/chapt2/src/demo_cpp_pkg/src/learn_thread.cpp:39:30:[m[K [01;31m[Kerror: [m[Kexpected constructor, destructor, or type conversion before â€˜[01m[K([m[Kâ€™ token
   39 |   std::this_thread::sleep_for[01;31m[K([m[Kstd::chrono::milliseconds(1000 * 10));
      |                              [01;31m[K^[m[K
[01m[K/home/lucky/Code/ros2/chapt2/src/demo_cpp_pkg/src/learn_thread.cpp:40:3:[m[K [01;31m[Kerror: [m[Kexpected unqualified-id before â€˜[01m[Kreturn[m[Kâ€™
   40 |   [01;31m[Kreturn[m[K 0;
      |   [01;31m[K^~~~~~[m[K
gmake[2]: *** [CMakeFiles/learn_thread.dir/build.make:76: CMakeFiles/learn_thread.dir/src/learn_thread.cpp.o] Error 1
gmake[1]: *** [CMakeFiles/Makefile2:193: CMakeFiles/learn_thread.dir/all] Error 2
gmake[1]: *** Waiting for unfinished jobs....
gmake: *** [Makefile:146: all] Error 2
