[0.010s] Invoking command in '/home/lucky/Code/ros2/chapt2/build/demo_cpp_pkg': CMAKE_PREFIX_PATH=${CMAKE_PREFIX_PATH}:/home/lucky/Code/ros2/chapt2/install/demo_python_pkg:/opt/ros/humble /usr/bin/cmake --build /home/lucky/Code/ros2/chapt2/build/demo_cpp_pkg -- -j20 -l20
[0.031s] -- Found ament_cmake: 1.3.12 (/opt/ros/humble/share/ament_cmake/cmake)
[0.132s] -- Found rclcpp: 16.0.16 (/opt/ros/humble/share/rclcpp/cmake)
[0.375s] -- Found rosidl_generator_c: 3.1.7 (/opt/ros/humble/share/rosidl_generator_c/cmake)
[0.378s] -- Found rosidl_adapter: 3.1.7 (/opt/ros/humble/share/rosidl_adapter/cmake)
[0.383s] -- Found rosidl_generator_cpp: 3.1.7 (/opt/ros/humble/share/rosidl_generator_cpp/cmake)
[0.392s] -- Using all available rosidl_typesupport_c: rosidl_typesupport_fastrtps_c;rosidl_typesupport_introspection_c
[0.407s] -- Using all available rosidl_typesupport_cpp: rosidl_typesupport_fastrtps_cpp;rosidl_typesupport_introspection_cpp
[0.435s] -- Found rmw_implementation_cmake: 6.1.2 (/opt/ros/humble/share/rmw_implementation_cmake/cmake)
[0.437s] -- Found rmw_fastrtps_cpp: 6.2.9 (/opt/ros/humble/share/rmw_fastrtps_cpp/cmake)
[5.938s] -- Using RMW implementation 'rmw_fastrtps_cpp' as default
[5.983s] -- Found ament_lint_auto: 0.12.14 (/opt/ros/humble/share/ament_lint_auto/cmake)
[6.037s] -- Added test 'cppcheck' to perform static code analysis on C / C++ code
[6.037s] -- Configured cppcheck include dirs: /home/lucky/Code/ros2/chapt2/src/demo_cpp_pkg/include
[6.037s] -- Configured cppcheck exclude dirs and/or files: 
[6.038s] -- Added test 'flake8' to check Python code syntax and style conventions
[6.039s] -- Added test 'lint_cmake' to check CMake code style
[6.039s] -- Added test 'pep257' to check Python code against some of the docstring style conventions in PEP 257
[6.042s] -- Added test 'uncrustify' to check C / C++ code style
[6.042s] -- Configured uncrustify additional arguments: 
[6.043s] -- Added test 'xmllint' to check XML markup files
[6.044s] -- Configuring done
[6.055s] -- Generating done
[6.058s] -- Build files have been written to: /home/lucky/Code/ros2/chapt2/build/demo_cpp_pkg
[6.074s] [35m[1mConsolidate compiler generated dependencies of target cpp_node[0m
[6.074s] [35m[1mConsolidate compiler generated dependencies of target person_node[0m
[6.079s] [ 16%] [32mBuilding CXX object CMakeFiles/learn_thread.dir/src/learn_thread.cpp.o[0m
[6.083s] [ 33%] [32mBuilding CXX object CMakeFiles/person_node.dir/src/person_node.cpp.o[0m
[6.084s] [ 50%] [32mBuilding CXX object CMakeFiles/cpp_node.dir/src/cpp_node.cpp.o[0m
[6.995s] [01m[K/home/lucky/Code/ros2/chapt2/src/demo_cpp_pkg/src/learn_thread.cpp:10:78:[m[K [01;31m[Kerror: [m[Kâ€˜[01m[Kfuncion[m[Kâ€™ in namespace â€˜[01m[Kstd[m[Kâ€™ does not name a template type; did you mean â€˜[01m[Kfunction[m[Kâ€™?
[6.996s]    10 |   void download(const std::string &host, const std::string &path, const std::[01;31m[Kfuncion[m[K<void(const std::string &, const std::string &)> &callback)
[6.996s]       |                                                                              [01;31m[K^~~~~~~[m[K
[6.996s]       |                                                                              [32m[Kfunction[m[K
[6.996s] [01m[K/home/lucky/Code/ros2/chapt2/src/demo_cpp_pkg/src/learn_thread.cpp:10:85:[m[K [01;31m[Kerror: [m[Kexpected â€˜[01m[K,[m[Kâ€™ or â€˜[01m[K...[m[Kâ€™ before â€˜[01m[K<[m[Kâ€™ token
[6.996s]    10 |   void download(const std::string &host, const std::string &path, const std::funcion[01;31m[K<[m[Kvoid(const std::string &, const std::string &)> &callback)
[6.996s]       |                                                                                     [01;31m[K^[m[K
[7.002s] [01m[K/home/lucky/Code/ros2/chapt2/src/demo_cpp_pkg/src/learn_thread.cpp:[m[K In member function â€˜[01m[Kvoid Download::download(const string&, const string&, int)[m[Kâ€™:
[7.002s] [01m[K/home/lucky/Code/ros2/chapt2/src/demo_cpp_pkg/src/learn_thread.cpp:17:7:[m[K [01;31m[Kerror: [m[Kâ€˜[01m[Kcallback[m[Kâ€™ was not declared in this scope; did you mean â€˜[01m[Kcalloc[m[Kâ€™?
[7.002s]    17 |       [01;31m[Kcallback[m[K(path, response->body);
[7.002s]       |       [01;31m[K^~~~~~~~[m[K
[7.003s]       |       [32m[Kcalloc[m[K
[7.003s] [01m[K/home/lucky/Code/ros2/chapt2/src/demo_cpp_pkg/src/learn_thread.cpp:[m[K In member function â€˜[01m[Kvoid Download::start_download(const string&, const string&, const std::function<void(const std::__cxx11::basic_string<char>&, const std::__cxx11::basic_string<char>&)>&)[m[Kâ€™:
[7.003s] [01m[K/home/lucky/Code/ros2/chapt2/src/demo_cpp_pkg/src/learn_thread.cpp:23:90:[m[K [01;31m[Kerror: [m[Kâ€˜[01m[Kstd::placeholder[m[Kâ€™ has not been declared
[7.003s]    23 |     auto download_fun = std::bind(&Download::download, this, std::placeholders::_1, std::[01;31m[Kplaceholder[m[K::_2, std::placeholder::_3);
[7.003s]       |                                                                                          [01;31m[K^~~~~~~~~~~[m[K
[7.003s] [01m[K/home/lucky/Code/ros2/chapt2/src/demo_cpp_pkg/src/learn_thread.cpp:23:112:[m[K [01;31m[Kerror: [m[Kâ€˜[01m[Kstd::placeholder[m[Kâ€™ has not been declared
[7.003s]    23 |     auto download_fun = std::bind(&Download::download, this, std::placeholders::_1, std::placeholder::_2, std::[01;31m[Kplaceholder[m[K::_3);
[7.003s]       |                                                                                                                [01;31m[K^~~~~~~~~~~[m[K
[7.003s] [01m[K/home/lucky/Code/ros2/chapt2/src/demo_cpp_pkg/src/learn_thread.cpp:[m[K At global scope:
[7.003s] [01m[K/home/lucky/Code/ros2/chapt2/src/demo_cpp_pkg/src/learn_thread.cpp:30:3:[m[K [01;31m[Kerror: [m[Kexpected initializer before â€˜[01m[KDownload[m[Kâ€™
[7.003s]    30 |   [01;31m[KDownload[m[K download;
[7.003s]       |   [01;31m[K^~~~~~~~[m[K
[7.004s] [01m[K/home/lucky/Code/ros2/chapt2/src/demo_cpp_pkg/src/learn_thread.cpp:36:3:[m[K [01;31m[Kerror: [m[Kâ€˜[01m[Kdownload[m[Kâ€™ does not name a type; did you mean â€˜[01m[KDownload[m[Kâ€™?
[7.004s]    36 |   [01;31m[Kdownload[m[K.start_download("http://localhost::8000", "/novel1.txt", download_finish_callback);
[7.004s]       |   [01;31m[K^~~~~~~~[m[K
[7.004s]       |   [32m[KDownload[m[K
[7.004s] [01m[K/home/lucky/Code/ros2/chapt2/src/demo_cpp_pkg/src/learn_thread.cpp:37:3:[m[K [01;31m[Kerror: [m[Kâ€˜[01m[Kdownload[m[Kâ€™ does not name a type; did you mean â€˜[01m[KDownload[m[Kâ€™?
[7.004s]    37 |   [01;31m[Kdownload[m[K.start_download("http://localhost::8000", "/novel2.txt", download_finish_callback);
[7.004s]       |   [01;31m[K^~~~~~~~[m[K
[7.004s]       |   [32m[KDownload[m[K
[7.005s] [01m[K/home/lucky/Code/ros2/chapt2/src/demo_cpp_pkg/src/learn_thread.cpp:38:3:[m[K [01;31m[Kerror: [m[Kâ€˜[01m[Kdownload[m[Kâ€™ does not name a type; did you mean â€˜[01m[KDownload[m[Kâ€™?
[7.005s]    38 |   [01;31m[Kdownload[m[K.start_download("http://localhost::8000", "/novel3.txt", download_finish_callback);
[7.005s]       |   [01;31m[K^~~~~~~~[m[K
[7.005s]       |   [32m[KDownload[m[K
[7.005s] [01m[K/home/lucky/Code/ros2/chapt2/src/demo_cpp_pkg/src/learn_thread.cpp:39:30:[m[K [01;31m[Kerror: [m[Kexpected constructor, destructor, or type conversion before â€˜[01m[K([m[Kâ€™ token
[7.005s]    39 |   std::this_thread::sleep_for[01;31m[K([m[Kstd::chrono::milliseconds(1000 * 10));
[7.005s]       |                              [01;31m[K^[m[K
[7.005s] [01m[K/home/lucky/Code/ros2/chapt2/src/demo_cpp_pkg/src/learn_thread.cpp:40:3:[m[K [01;31m[Kerror: [m[Kexpected unqualified-id before â€˜[01m[Kreturn[m[Kâ€™
[7.005s]    40 |   [01;31m[Kreturn[m[K 0;
[7.005s]       |   [01;31m[K^~~~~~[m[K
[7.913s] gmake[2]: *** [CMakeFiles/learn_thread.dir/build.make:76: CMakeFiles/learn_thread.dir/src/learn_thread.cpp.o] Error 1
[7.913s] gmake[1]: *** [CMakeFiles/Makefile2:193: CMakeFiles/learn_thread.dir/all] Error 2
[7.913s] gmake[1]: *** Waiting for unfinished jobs....
[8.245s] [ 66%] [32m[1mLinking CXX executable person_node[0m
[8.262s] [ 83%] [32m[1mLinking CXX executable cpp_node[0m
[8.406s] [ 83%] Built target cpp_node
[8.406s] [ 83%] Built target person_node
[8.407s] gmake: *** [Makefile:146: all] Error 2
[8.409s] Invoked command in '/home/lucky/Code/ros2/chapt2/build/demo_cpp_pkg' returned '2': CMAKE_PREFIX_PATH=${CMAKE_PREFIX_PATH}:/home/lucky/Code/ros2/chapt2/install/demo_python_pkg:/opt/ros/humble /usr/bin/cmake --build /home/lucky/Code/ros2/chapt2/build/demo_cpp_pkg -- -j20 -l20
