[35m[1mConsolidate compiler generated dependencies of target learn_thread[0m
[ 66%] Built target person_node
[ 66%] Built target cpp_node
[ 83%] [32mBuilding CXX object CMakeFiles/learn_thread.dir/src/learn_thread.cpp.o[0m
[01m[K/home/lucky/Code/ros2/chapt2/src/demo_cpp_pkg/src/learn_thread.cpp:10:78:[m[K [01;31m[Kerror: [m[Kâ€˜[01m[Kfuncion[m[Kâ€™ in namespace â€˜[01m[Kstd[m[Kâ€™ does not name a template type; did you mean â€˜[01m[Kfunction[m[Kâ€™?
   10 |   void download(const std::string &host, const std::string &path, const std::[01;31m[Kfuncion[m[K<void(const std::string &, const std::string &)> &callback)
      |                                                                              [01;31m[K^~~~~~~[m[K
      |                                                                              [32m[Kfunction[m[K
[01m[K/home/lucky/Code/ros2/chapt2/src/demo_cpp_pkg/src/learn_thread.cpp:10:85:[m[K [01;31m[Kerror: [m[Kexpected â€˜[01m[K,[m[Kâ€™ or â€˜[01m[K...[m[Kâ€™ before â€˜[01m[K<[m[Kâ€™ token
   10 |   void download(const std::string &host, const std::string &path, const std::funcion[01;31m[K<[m[Kvoid(const std::string &, const std::string &)> &callback)
      |                                                                                     [01;31m[K^[m[K
[01m[K/home/lucky/Code/ros2/chapt2/src/demo_cpp_pkg/src/learn_thread.cpp:[m[K In member function â€˜[01m[Kvoid Download::download(const string&, const string&, int)[m[Kâ€™:
[01m[K/home/lucky/Code/ros2/chapt2/src/demo_cpp_pkg/src/learn_thread.cpp:17:7:[m[K [01;31m[Kerror: [m[Kâ€˜[01m[Kcallback[m[Kâ€™ was not declared in this scope; did you mean â€˜[01m[Kcalloc[m[Kâ€™?
   17 |       [01;31m[Kcallback[m[K(path, response->body);
      |       [01;31m[K^~~~~~~~[m[K
      |       [32m[Kcalloc[m[K
[01m[K/home/lucky/Code/ros2/chapt2/src/demo_cpp_pkg/src/learn_thread.cpp:[m[K In member function â€˜[01m[Kvoid Download::start_download(const string&, const string&, const std::function<void(const std::__cxx11::basic_string<char>&, const std::__cxx11::basic_string<char>&)>&)[m[Kâ€™:
[01m[K/home/lucky/Code/ros2/chapt2/src/demo_cpp_pkg/src/learn_thread.cpp:23:90:[m[K [01;31m[Kerror: [m[Kâ€˜[01m[Kstd::placeholder[m[Kâ€™ has not been declared
   23 |     auto download_fun = std::bind(&Download::download, this, std::placeholders::_1, std::[01;31m[Kplaceholder[m[K::_2, std::placeholder::_3);
      |                                                                                          [01;31m[K^~~~~~~~~~~[m[K
[01m[K/home/lucky/Code/ros2/chapt2/src/demo_cpp_pkg/src/learn_thread.cpp:23:112:[m[K [01;31m[Kerror: [m[Kâ€˜[01m[Kstd::placeholder[m[Kâ€™ has not been declared
   23 |     auto download_fun = std::bind(&Download::download, this, std::placeholders::_1, std::placeholder::_2, std::[01;31m[Kplaceholder[m[K::_3);
      |                                                                                                                [01;31m[K^~~~~~~~~~~[m[K
gmake[2]: *** [CMakeFiles/learn_thread.dir/build.make:76: CMakeFiles/learn_thread.dir/src/learn_thread.cpp.o] Error 1
gmake[1]: *** [CMakeFiles/Makefile2:193: CMakeFiles/learn_thread.dir/all] Error 2
gmake: *** [Makefile:146: all] Error 2
