[01m[K/home/lucky/Code/ros2/cpp/demo_cpp_pkg/src/cpp_node.cpp:[m[K In function â€˜[01m[Kint main(int, char**)[m[Kâ€™:
[01m[K/home/lucky/Code/ros2/cpp/demo_cpp_pkg/src/cpp_node.cpp:7:11:[m[K [01;31m[Kerror: [m[Kâ€˜[01m[Kspind[m[Kâ€™ is not a member of â€˜[01m[Krclcpp[m[Kâ€™; did you mean â€˜[01m[Kspin[m[Kâ€™?
    7 |   rclcpp::[01;31m[Kspind[m[K(node);
      |           [01;31m[K^~~~~[m[K
      |           [32m[Kspin[m[K
gmake[2]: *** [CMakeFiles/cpp_node.dir/build.make:76: CMakeFiles/cpp_node.dir/src/cpp_node.cpp.o] Error 1
gmake[1]: *** [CMakeFiles/Makefile2:137: CMakeFiles/cpp_node.dir/all] Error 2
gmake: *** [Makefile:146: all] Error 2
