[0.015s] Invoking command in '/home/lucky/Code/ros2/cpp/demo_cpp_pkg/build/demo_cpp_pkg': CMAKE_PREFIX_PATH=/home/lucky/Code/ros2/python/demo_python_pkg/install/demo_python_pkg:/opt/ros/humble /usr/bin/cmake /home/lucky/Code/ros2/cpp/demo_cpp_pkg -DCMAKE_INSTALL_PREFIX=/home/lucky/Code/ros2/cpp/demo_cpp_pkg/install/demo_cpp_pkg
[0.219s] -- The C compiler identification is GNU 11.4.0
[1.002s] -- The CXX compiler identification is GNU 11.4.0
[1.530s] -- Detecting C compiler ABI info
[1.717s] -- Detecting C compiler ABI info - done
[1.723s] -- Check for working C compiler: /usr/bin/cc - skipped
[1.724s] -- Detecting C compile features
[1.724s] -- Detecting C compile features - done
[1.726s] -- Detecting CXX compiler ABI info
[1.900s] -- Detecting CXX compiler ABI info - done
[1.904s] -- Check for working CXX compiler: /usr/bin/c++ - skipped
[1.905s] -- Detecting CXX compile features
[1.905s] -- Detecting CXX compile features - done
[1.906s] -- Found ament_cmake: 1.3.12 (/opt/ros/humble/share/ament_cmake/cmake)
[2.004s] -- Found Python3: /usr/bin/python3 (found version "3.10.12") found components: Interpreter 
[2.059s] -- Found rclcpp: 16.0.16 (/opt/ros/humble/share/rclcpp/cmake)
[2.296s] -- Found rosidl_generator_c: 3.1.7 (/opt/ros/humble/share/rosidl_generator_c/cmake)
[2.298s] -- Found rosidl_adapter: 3.1.7 (/opt/ros/humble/share/rosidl_adapter/cmake)
[2.303s] -- Found rosidl_generator_cpp: 3.1.7 (/opt/ros/humble/share/rosidl_generator_cpp/cmake)
[2.310s] -- Using all available rosidl_typesupport_c: rosidl_typesupport_fastrtps_c;rosidl_typesupport_introspection_c
[2.322s] -- Using all available rosidl_typesupport_cpp: rosidl_typesupport_fastrtps_cpp;rosidl_typesupport_introspection_cpp
[2.348s] -- Found rmw_implementation_cmake: 6.1.2 (/opt/ros/humble/share/rmw_implementation_cmake/cmake)
[2.349s] -- Found rmw_fastrtps_cpp: 6.2.9 (/opt/ros/humble/share/rmw_fastrtps_cpp/cmake)
[4.314s] -- Found OpenSSL: /usr/lib/x86_64-linux-gnu/libcrypto.so (found version "3.0.2")  
[6.549s] -- Found FastRTPS: /opt/ros/humble/include  
[10.430s] -- Using RMW implementation 'rmw_fastrtps_cpp' as default
[10.437s] -- Looking for pthread.h
[10.594s] -- Looking for pthread.h - found
[10.594s] -- Performing Test CMAKE_HAVE_LIBC_PTHREAD
[10.772s] -- Performing Test CMAKE_HAVE_LIBC_PTHREAD - Success
[10.773s] -- Found Threads: TRUE  
[10.808s] -- Found ament_lint_auto: 0.12.14 (/opt/ros/humble/share/ament_lint_auto/cmake)
[10.869s] -- Added test 'cppcheck' to perform static code analysis on C / C++ code
[10.869s] -- Configured cppcheck include dirs: 
[10.869s] -- Configured cppcheck exclude dirs and/or files: 
[10.871s] -- Added test 'lint_cmake' to check CMake code style
[10.873s] -- Added test 'uncrustify' to check C / C++ code style
[10.873s] -- Configured uncrustify additional arguments: 
[10.874s] -- Added test 'xmllint' to check XML markup files
[10.876s] -- Configuring done
[10.883s] -- Generating done
[10.885s] -- Build files have been written to: /home/lucky/Code/ros2/cpp/demo_cpp_pkg/build/demo_cpp_pkg
[10.892s] Invoked command in '/home/lucky/Code/ros2/cpp/demo_cpp_pkg/build/demo_cpp_pkg' returned '0': CMAKE_PREFIX_PATH=/home/lucky/Code/ros2/python/demo_python_pkg/install/demo_python_pkg:/opt/ros/humble /usr/bin/cmake /home/lucky/Code/ros2/cpp/demo_cpp_pkg -DCMAKE_INSTALL_PREFIX=/home/lucky/Code/ros2/cpp/demo_cpp_pkg/install/demo_cpp_pkg
[10.893s] Invoking command in '/home/lucky/Code/ros2/cpp/demo_cpp_pkg/build/demo_cpp_pkg': CMAKE_PREFIX_PATH=/home/lucky/Code/ros2/python/demo_python_pkg/install/demo_python_pkg:/opt/ros/humble /usr/bin/cmake --build /home/lucky/Code/ros2/cpp/demo_cpp_pkg/build/demo_cpp_pkg -- -j20 -l20
[10.925s] [ 50%] [32mBuilding CXX object CMakeFiles/cpp_node.dir/src/cpp_node.cpp.o[0m
[12.409s] [01m[K/home/lucky/Code/ros2/cpp/demo_cpp_pkg/src/cpp_node.cpp:[m[K In function â€˜[01m[Kint main(int, char**)[m[Kâ€™:
[12.409s] [01m[K/home/lucky/Code/ros2/cpp/demo_cpp_pkg/src/cpp_node.cpp:7:11:[m[K [01;31m[Kerror: [m[Kâ€˜[01m[Kspind[m[Kâ€™ is not a member of â€˜[01m[Krclcpp[m[Kâ€™; did you mean â€˜[01m[Kspin[m[Kâ€™?
[12.409s]     7 |   rclcpp::[01;31m[Kspind[m[K(node);
[12.409s]       |           [01;31m[K^~~~~[m[K
[12.410s]       |           [32m[Kspin[m[K
[12.689s] gmake[2]: *** [CMakeFiles/cpp_node.dir/build.make:76: CMakeFiles/cpp_node.dir/src/cpp_node.cpp.o] Error 1
[12.689s] gmake[1]: *** [CMakeFiles/Makefile2:137: CMakeFiles/cpp_node.dir/all] Error 2
[12.689s] gmake: *** [Makefile:146: all] Error 2
[12.691s] Invoked command in '/home/lucky/Code/ros2/cpp/demo_cpp_pkg/build/demo_cpp_pkg' returned '2': CMAKE_PREFIX_PATH=/home/lucky/Code/ros2/python/demo_python_pkg/install/demo_python_pkg:/opt/ros/humble /usr/bin/cmake --build /home/lucky/Code/ros2/cpp/demo_cpp_pkg/build/demo_cpp_pkg -- -j20 -l20
