[0.000000] (-) TimerEvent: {}
[0.000071] (demo_cpp_pkg) JobQueued: {'identifier': 'demo_cpp_pkg', 'dependencies': OrderedDict()}
[0.000096] (demo_python_pkg) JobQueued: {'identifier': 'demo_python_pkg', 'dependencies': OrderedDict([('demo_cpp_pkg', '/home/lucky/Code/ros2/chapt2/install/demo_cpp_pkg')])}
[0.000474] (demo_cpp_pkg) JobStarted: {'identifier': 'demo_cpp_pkg'}
[0.006998] (demo_cpp_pkg) JobProgress: {'identifier': 'demo_cpp_pkg', 'progress': 'cmake'}
[0.007595] (demo_cpp_pkg) JobProgress: {'identifier': 'demo_cpp_pkg', 'progress': 'build'}
[0.008380] (demo_cpp_pkg) Command: {'cmd': ['/usr/bin/cmake', '--build', '/home/lucky/Code/ros2/chapt2/build/demo_cpp_pkg', '--', '-j20', '-l20'], 'cwd': '/home/lucky/Code/ros2/chapt2/build/demo_cpp_pkg', 'env': OrderedDict([('LESSOPEN', '| /usr/bin/lesspipe %s'), ('TMUX', '/tmp/tmux-1000/default,472,0'), ('USER', 'lucky'), ('SHLVL', '2'), ('LD_LIBRARY_PATH', '/opt/ros/humble/opt/rviz_ogre_vendor/lib:/opt/ros/humble/lib/x86_64-linux-gnu:/opt/ros/humble/lib'), ('WT_PROFILE_ID', '{4ff56d04-d9cf-57ea-bae2-ad396374e7e3}'), ('MOTD_SHOWN', 'update-motd'), ('HOME', '/home/lucky'), ('OLDPWD', '/home/lucky/Code/ros2/chapt2/src'), ('TERM_PROGRAM_VERSION', 'next-3.7'), ('ROS_PYTHON_VERSION', '3'), ('DBUS_SESSION_BUS_ADDRESS', 'unix:path=/run/user/1000/bus'), ('COLORTERM', 'truecolor'), ('WSL_DISTRO_NAME', 'Ubuntu-22.04'), ('WAYLAND_DISPLAY', 'wayland-0'), ('COLCON_PREFIX_PATH', '/home/lucky/Code/ros2/chapt2/install'), ('ROS_DISTRO', 'humble'), ('LOGNAME', 'lucky'), ('NAME', 'LuckyDog'), ('WSL_INTEROP', '/run/WSL/330_interop'), ('PULSE_SERVER', 'unix:/mnt/wslg/PulseServer'), ('_', '/usr/bin/colcon'), ('ROS_VERSION', '2'), ('TERM', 'tmux-256color'), ('ROS_LOCALHOST_ONLY', '0'), ('PATH', '/opt/ros/humble/bin:/usr/local/sbin:/usr/local/bin:/usr/sbin:/usr/bin:/sbin:/bin:/usr/games:/usr/local/games:/usr/lib/wsl/lib:/mnt/c/Program Files/NVIDIA GPU Computing Toolkit/CUDA/v13.0/bin/x64:/mnt/c/Program Files/NVIDIA GPU Computing Toolkit/CUDA/v13.0/bin:/mnt/c/Program Files (x86)/NVIDIA Corporation/PhysX/Common:/mnt/c/Windows/system32:/mnt/c/Windows:/mnt/c/Windows/System32/Wbem:/mnt/c/Windows/System32/WindowsPowerShell/v1.0/:/mnt/c/Windows/System32/OpenSSH/:/mnt/c/Program Files/Git/cmd:/mnt/c/Program Files/dotnet/:/mnt/c/Program Files/MATLAB/R2025b/bin:/mnt/c/Program Files (x86)/Windows Kits/8.1/Windows Performance Toolkit/:/mnt/c/Program Files/Microsoft VS Code/bin:/mnt/c/Program Files/Sublime Text/sublime_text.exe:/mnt/c/ProgramData/miniconda3/Scripts:/mnt/c/Program Files/NVIDIA Corporation/Nsight Compute 2025.3.1/:/mnt/c/Program Files/nodejs/:/mnt/c/ProgramData/chocolatey/bin:/mnt/c/Program Files/CMake/bin:/mnt/c/Program Files (x86)/STMicroelectronics/STM32 ST-LINK Utility/ST-LINK Utility:/mnt/c/Users/Lucky/AppData/Local/Microsoft/WindowsApps:/mnt/c/Users/Lucky/AppData/Roaming/npm:/snap/bin'), ('WT_SESSION', '48eb9286-c298-4f1d-a664-1a203673e5dc'), ('XDG_RUNTIME_DIR', '/run/user/1000/'), ('DISPLAY', ':0'), ('LANG', 'C.UTF-8'), ('LS_COLORS', 'rs=0:di=01;34:ln=01;36:mh=00:pi=40;33:so=01;35:do=01;35:bd=40;33;01:cd=40;33;01:or=40;31;01:mi=00:su=37;41:sg=30;43:ca=30;41:tw=30;42:ow=34;42:st=37;44:ex=01;32:*.tar=01;31:*.tgz=01;31:*.arc=01;31:*.arj=01;31:*.taz=01;31:*.lha=01;31:*.lz4=01;31:*.lzh=01;31:*.lzma=01;31:*.tlz=01;31:*.txz=01;31:*.tzo=01;31:*.t7z=01;31:*.zip=01;31:*.z=01;31:*.dz=01;31:*.gz=01;31:*.lrz=01;31:*.lz=01;31:*.lzo=01;31:*.xz=01;31:*.zst=01;31:*.tzst=01;31:*.bz2=01;31:*.bz=01;31:*.tbz=01;31:*.tbz2=01;31:*.tz=01;31:*.deb=01;31:*.rpm=01;31:*.jar=01;31:*.war=01;31:*.ear=01;31:*.sar=01;31:*.rar=01;31:*.alz=01;31:*.ace=01;31:*.zoo=01;31:*.cpio=01;31:*.7z=01;31:*.rz=01;31:*.cab=01;31:*.wim=01;31:*.swm=01;31:*.dwm=01;31:*.esd=01;31:*.jpg=01;35:*.jpeg=01;35:*.mjpg=01;35:*.mjpeg=01;35:*.gif=01;35:*.bmp=01;35:*.pbm=01;35:*.pgm=01;35:*.ppm=01;35:*.tga=01;35:*.xbm=01;35:*.xpm=01;35:*.tif=01;35:*.tiff=01;35:*.png=01;35:*.svg=01;35:*.svgz=01;35:*.mng=01;35:*.pcx=01;35:*.mov=01;35:*.mpg=01;35:*.mpeg=01;35:*.m2v=01;35:*.mkv=01;35:*.webm=01;35:*.webp=01;35:*.ogm=01;35:*.mp4=01;35:*.m4v=01;35:*.mp4v=01;35:*.vob=01;35:*.qt=01;35:*.nuv=01;35:*.wmv=01;35:*.asf=01;35:*.rm=01;35:*.rmvb=01;35:*.flc=01;35:*.avi=01;35:*.fli=01;35:*.flv=01;35:*.gl=01;35:*.dl=01;35:*.xcf=01;35:*.xwd=01;35:*.yuv=01;35:*.cgm=01;35:*.emf=01;35:*.ogv=01;35:*.ogx=01;35:*.aac=00;36:*.au=00;36:*.flac=00;36:*.m4a=00;36:*.mid=00;36:*.midi=00;36:*.mka=00;36:*.mp3=00;36:*.mpc=00;36:*.ogg=00;36:*.ra=00;36:*.wav=00;36:*.oga=00;36:*.opus=00;36:*.spx=00;36:*.xspf=00;36:'), ('TERM_PROGRAM', 'tmux'), ('AMENT_PREFIX_PATH', '/home/lucky/Code/ros2/chapt2/install/demo_python_pkg:/home/lucky/Code/ros2/chapt2/install/demo_cpp_pkg:/opt/ros/humble'), ('SHELL', '/bin/bash'), ('LESSCLOSE', '/usr/bin/lesspipe %s %s'), ('PWD', '/home/lucky/Code/ros2/chapt2/build/demo_cpp_pkg'), ('XDG_DATA_DIRS', '/usr/local/share:/usr/share:/var/lib/snapd/desktop'), ('PYTHONPATH', '/home/lucky/Code/ros2/chapt2/install/demo_python_pkg/lib/python3.10/site-packages:/opt/ros/humble/lib/python3.10/site-packages:/opt/ros/humble/local/lib/python3.10/dist-packages'), ('COLCON', '1'), ('WSL2_GUI_APPS_ENABLED', '1'), ('TMUX_PANE', '%0'), ('HOSTTYPE', 'x86_64'), ('CMAKE_PREFIX_PATH', '/home/lucky/Code/ros2/chapt2/install/demo_cpp_pkg:/home/lucky/Code/ros2/chapt2/install/demo_python_pkg:/opt/ros/humble'), ('WSLENV', 'WT_SESSION:WT_PROFILE_ID:')]), 'shell': False}
[0.058750] (demo_cpp_pkg) StdoutLine: {'line': b'Consolidate compiler generated dependencies of target learn_thread\n'}
[0.060903] (demo_cpp_pkg) StdoutLine: {'line': b'Consolidate compiler generated dependencies of target person_node\n'}
[0.063451] (demo_cpp_pkg) StdoutLine: {'line': b'Consolidate compiler generated dependencies of target cpp_node\n'}
[0.065156] (demo_cpp_pkg) StdoutLine: {'line': b'[ 16%] Building CXX object CMakeFiles/learn_thread.dir/src/learn_thread.cpp.o\n'}
[0.067091] (demo_cpp_pkg) StdoutLine: {'line': b'[ 50%] Built target person_node\n'}
[0.070542] (demo_cpp_pkg) StdoutLine: {'line': b'[ 83%] Built target cpp_node\n'}
[0.099893] (-) TimerEvent: {}
[0.200036] (-) TimerEvent: {}
[0.300190] (-) TimerEvent: {}
[0.400368] (-) TimerEvent: {}
[0.500529] (-) TimerEvent: {}
[0.600672] (-) TimerEvent: {}
[0.700824] (-) TimerEvent: {}
[0.762991] (demo_cpp_pkg) StderrLine: {'line': b'/home/lucky/Code/ros2/chapt2/src/demo_cpp_pkg/src/learn_thread.cpp:10:78: error: \xe2\x80\x98funcion\xe2\x80\x99 in namespace \xe2\x80\x98std\xe2\x80\x99 does not name a template type; did you mean \xe2\x80\x98function\xe2\x80\x99?\n'}
[0.763114] (demo_cpp_pkg) StderrLine: {'line': b'   10 |   void download(const std::string &host, const std::string &path, const std::funcion<void(const std::string &, const std::string &)> &callback)\n'}
[0.763142] (demo_cpp_pkg) StderrLine: {'line': b'      |                                                                              ^~~~~~~\n'}
[0.763164] (demo_cpp_pkg) StderrLine: {'line': b'      |                                                                              function\n'}
[0.763184] (demo_cpp_pkg) StderrLine: {'line': b'/home/lucky/Code/ros2/chapt2/src/demo_cpp_pkg/src/learn_thread.cpp:10:85: error: expected \xe2\x80\x98,\xe2\x80\x99 or \xe2\x80\x98...\xe2\x80\x99 before \xe2\x80\x98<\xe2\x80\x99 token\n'}
[0.763204] (demo_cpp_pkg) StderrLine: {'line': b'   10 |   void download(const std::string &host, const std::string &path, const std::funcion<void(const std::string &, const std::string &)> &callback)\n'}
[0.763224] (demo_cpp_pkg) StderrLine: {'line': b'      |                                                                                     ^\n'}
[0.767599] (demo_cpp_pkg) StderrLine: {'line': b'/home/lucky/Code/ros2/chapt2/src/demo_cpp_pkg/src/learn_thread.cpp: In member function \xe2\x80\x98void Download::download(const string&, const string&, int)\xe2\x80\x99:\n'}
[0.767680] (demo_cpp_pkg) StderrLine: {'line': b'/home/lucky/Code/ros2/chapt2/src/demo_cpp_pkg/src/learn_thread.cpp:17:7: error: \xe2\x80\x98callback\xe2\x80\x99 was not declared in this scope; did you mean \xe2\x80\x98calloc\xe2\x80\x99?\n'}
[0.767712] (demo_cpp_pkg) StderrLine: {'line': b'   17 |       callback(path, response->body);\n'}
[0.767737] (demo_cpp_pkg) StderrLine: {'line': b'      |       ^~~~~~~~\n'}
[0.767758] (demo_cpp_pkg) StderrLine: {'line': b'      |       calloc\n'}
[0.767778] (demo_cpp_pkg) StderrLine: {'line': b'/home/lucky/Code/ros2/chapt2/src/demo_cpp_pkg/src/learn_thread.cpp: In member function \xe2\x80\x98void Download::start_download(const string&, const string&, const std::function<void(const std::__cxx11::basic_string<char>&, const std::__cxx11::basic_string<char>&)>&)\xe2\x80\x99:\n'}
[0.767798] (demo_cpp_pkg) StderrLine: {'line': b'/home/lucky/Code/ros2/chapt2/src/demo_cpp_pkg/src/learn_thread.cpp:23:90: error: \xe2\x80\x98std::placeholder\xe2\x80\x99 has not been declared\n'}
[0.767818] (demo_cpp_pkg) StderrLine: {'line': b'   23 |     auto download_fun = std::bind(&Download::download, this, std::placeholders::_1, std::placeholder::_2, std::placeholder::_3);\n'}
[0.767837] (demo_cpp_pkg) StderrLine: {'line': b'      |                                                                                          ^~~~~~~~~~~\n'}
[0.767870] (demo_cpp_pkg) StderrLine: {'line': b'/home/lucky/Code/ros2/chapt2/src/demo_cpp_pkg/src/learn_thread.cpp:23:112: error: \xe2\x80\x98std::placeholder\xe2\x80\x99 has not been declared\n'}
[0.767895] (demo_cpp_pkg) StderrLine: {'line': b'   23 |     auto download_fun = std::bind(&Download::download, this, std::placeholders::_1, std::placeholder::_2, std::placeholder::_3);\n'}
[0.767916] (demo_cpp_pkg) StderrLine: {'line': b'      |                                                                                                                ^~~~~~~~~~~\n'}
[0.767935] (demo_cpp_pkg) StderrLine: {'line': b'/home/lucky/Code/ros2/chapt2/src/demo_cpp_pkg/src/learn_thread.cpp: At global scope:\n'}
[0.767955] (demo_cpp_pkg) StderrLine: {'line': b'/home/lucky/Code/ros2/chapt2/src/demo_cpp_pkg/src/learn_thread.cpp:30:3: error: expected initializer before \xe2\x80\x98Download\xe2\x80\x99\n'}
[0.767974] (demo_cpp_pkg) StderrLine: {'line': b'   30 |   Download download;\n'}
[0.768000] (demo_cpp_pkg) StderrLine: {'line': b'      |   ^~~~~~~~\n'}
[0.768731] (demo_cpp_pkg) StderrLine: {'line': b'/home/lucky/Code/ros2/chapt2/src/demo_cpp_pkg/src/learn_thread.cpp:36:3: error: \xe2\x80\x98download\xe2\x80\x99 does not name a type; did you mean \xe2\x80\x98Download\xe2\x80\x99?\n'}
[0.768789] (demo_cpp_pkg) StderrLine: {'line': b'   36 |   download.start_download("http://localhost::8000", "/novel1.txt", download_finish_callback);\n'}
[0.768814] (demo_cpp_pkg) StderrLine: {'line': b'      |   ^~~~~~~~\n'}
[0.768835] (demo_cpp_pkg) StderrLine: {'line': b'      |   Download\n'}
[0.769076] (demo_cpp_pkg) StderrLine: {'line': b'/home/lucky/Code/ros2/chapt2/src/demo_cpp_pkg/src/learn_thread.cpp:37:3: error: \xe2\x80\x98download\xe2\x80\x99 does not name a type; did you mean \xe2\x80\x98Download\xe2\x80\x99?\n'}
[0.769131] (demo_cpp_pkg) StderrLine: {'line': b'   37 |   download.start_download("http://localhost::8000", "/novel2.txt", download_finish_callback);\n'}
[0.769156] (demo_cpp_pkg) StderrLine: {'line': b'      |   ^~~~~~~~\n'}
[0.769176] (demo_cpp_pkg) StderrLine: {'line': b'      |   Download\n'}
[0.769369] (demo_cpp_pkg) StderrLine: {'line': b'/home/lucky/Code/ros2/chapt2/src/demo_cpp_pkg/src/learn_thread.cpp:38:3: error: \xe2\x80\x98download\xe2\x80\x99 does not name a type; did you mean \xe2\x80\x98Download\xe2\x80\x99?\n'}
[0.769427] (demo_cpp_pkg) StderrLine: {'line': b'   38 |   download.start_download("http://localhost::8000", "/novel3.txt", download_finish_callback);\n'}
[0.769452] (demo_cpp_pkg) StderrLine: {'line': b'      |   ^~~~~~~~\n'}
[0.769474] (demo_cpp_pkg) StderrLine: {'line': b'      |   Download\n'}
[0.769494] (demo_cpp_pkg) StderrLine: {'line': b'/home/lucky/Code/ros2/chapt2/src/demo_cpp_pkg/src/learn_thread.cpp:39:30: error: expected constructor, destructor, or type conversion before \xe2\x80\x98(\xe2\x80\x99 token\n'}
[0.769514] (demo_cpp_pkg) StderrLine: {'line': b'   39 |   std::this_thread::sleep_for(std::chrono::milliseconds(1000 * 10));\n'}
[0.769533] (demo_cpp_pkg) StderrLine: {'line': b'      |                              ^\n'}
[0.769554] (demo_cpp_pkg) StderrLine: {'line': b'/home/lucky/Code/ros2/chapt2/src/demo_cpp_pkg/src/learn_thread.cpp:40:3: error: expected unqualified-id before \xe2\x80\x98return\xe2\x80\x99\n'}
[0.769575] (demo_cpp_pkg) StderrLine: {'line': b'   40 |   return 0;\n'}
[0.769593] (demo_cpp_pkg) StderrLine: {'line': b'      |   ^~~~~~\n'}
[0.800931] (-) TimerEvent: {}
[0.901118] (-) TimerEvent: {}
[1.001328] (-) TimerEvent: {}
[1.101507] (-) TimerEvent: {}
[1.201670] (-) TimerEvent: {}
[1.301815] (-) TimerEvent: {}
[1.401998] (-) TimerEvent: {}
[1.482395] (demo_cpp_pkg) StderrLine: {'line': b'gmake[2]: *** [CMakeFiles/learn_thread.dir/build.make:76: CMakeFiles/learn_thread.dir/src/learn_thread.cpp.o] Error 1\n'}
[1.482503] (demo_cpp_pkg) StderrLine: {'line': b'gmake[1]: *** [CMakeFiles/Makefile2:193: CMakeFiles/learn_thread.dir/all] Error 2\n'}
[1.482661] (demo_cpp_pkg) StderrLine: {'line': b'gmake: *** [Makefile:146: all] Error 2\n'}
[1.483657] (demo_cpp_pkg) CommandEnded: {'returncode': 2}
[1.496912] (demo_cpp_pkg) JobEnded: {'identifier': 'demo_cpp_pkg', 'rc': 2}
[1.502104] (-) TimerEvent: {}
[1.507301] (demo_python_pkg) JobSkipped: {'identifier': 'demo_python_pkg'}
[1.507338] (-) EventReactorShutdown: {}
